2021-01-19 20:44:05 [scrapy.utils.log] INFO: Scrapy 2.4.0 started (bot: xwlbo)
2021-01-19 20:44:05 [scrapy.utils.log] INFO: Versions: lxml 4.6.1.0, libxml2 2.9.10, cssselect 1.1.0, parsel 1.5.2, w3lib 1.21.0, Twisted 20.3.0, Python 3.8.5 (default, Sep  3 2020, 21:29:08) [MSC v.1916 64 bit (AMD64)], pyOpenSSL 19.1.0 (OpenSSL 1.1.1f  31 Mar 2020), cryptography 3.1.1, Platform Windows-10-10.0.19041-SP0
2021-01-19 20:44:05 [scrapy.crawler] INFO: Overridden settings:
{'BOT_NAME': 'xwlbo',
 'LOG_ENCODING': 'UTF-8',
 'LOG_FILE': 'xwlbo.log',
 'LOG_LEVEL': 'INFO',
 'NEWSPIDER_MODULE': 'xwlbo.spiders',
 'SPIDER_MODULES': ['xwlbo.spiders']}
2021-01-19 20:44:05 [scrapy.extensions.telnet] INFO: Telnet Password: 186c3b1ac446b5a7
2021-01-19 20:44:05 [scrapy.middleware] INFO: Enabled extensions:
['scrapy.extensions.corestats.CoreStats',
 'scrapy.extensions.telnet.TelnetConsole',
 'scrapy.extensions.logstats.LogStats']
2021-01-19 20:44:06 [scrapy.middleware] INFO: Enabled downloader middlewares:
['scrapy.downloadermiddlewares.httpauth.HttpAuthMiddleware',
 'scrapy.downloadermiddlewares.downloadtimeout.DownloadTimeoutMiddleware',
 'scrapy.downloadermiddlewares.defaultheaders.DefaultHeadersMiddleware',
 'scrapy.downloadermiddlewares.useragent.UserAgentMiddleware',
 'scrapy.downloadermiddlewares.retry.RetryMiddleware',
 'scrapy.downloadermiddlewares.redirect.MetaRefreshMiddleware',
 'scrapy.downloadermiddlewares.httpcompression.HttpCompressionMiddleware',
 'scrapy.downloadermiddlewares.redirect.RedirectMiddleware',
 'scrapy.downloadermiddlewares.cookies.CookiesMiddleware',
 'scrapy.downloadermiddlewares.httpproxy.HttpProxyMiddleware',
 'scrapy.downloadermiddlewares.stats.DownloaderStats']
2021-01-19 20:44:06 [scrapy.middleware] INFO: Enabled spider middlewares:
['scrapy.spidermiddlewares.httperror.HttpErrorMiddleware',
 'scrapy.spidermiddlewares.offsite.OffsiteMiddleware',
 'scrapy.spidermiddlewares.referer.RefererMiddleware',
 'scrapy.spidermiddlewares.urllength.UrlLengthMiddleware',
 'scrapy.spidermiddlewares.depth.DepthMiddleware']
2021-01-19 20:44:06 [scrapy.middleware] INFO: Enabled item pipelines:
['xwlbo.pipelines.XwlboPipeline']
2021-01-19 20:44:06 [scrapy.core.engine] INFO: Spider opened
2021-01-19 20:44:06 [xwlbo.pipelines] INFO: Prepare before crawling...
2021-01-19 20:44:06 [xwlbo.pipelines] INFO: Read history data numbers is: dict_items([('xwlbo_2021.txt', 112)])
2021-01-19 20:44:06 [xwlbo.pipelines] INFO: Prepare over
2021-01-19 20:44:06 [scrapy.extensions.logstats] INFO: Crawled 0 pages (at 0 pages/min), scraped 0 items (at 0 items/min)
2021-01-19 20:44:06 [scrapy.extensions.telnet] INFO: Telnet console listening on 127.0.0.1:6023
2021-01-19 20:45:06 [scrapy.extensions.logstats] INFO: Crawled 2359 pages (at 2359 pages/min), scraped 2180 items (at 2180 items/min)
2021-01-19 20:46:06 [scrapy.extensions.logstats] INFO: Crawled 4789 pages (at 2430 pages/min), scraped 4466 items (at 2286 items/min)
2021-01-19 20:47:06 [scrapy.extensions.logstats] INFO: Crawled 7257 pages (at 2468 pages/min), scraped 6781 items (at 2315 items/min)
2021-01-19 20:48:06 [scrapy.extensions.logstats] INFO: Crawled 9626 pages (at 2369 pages/min), scraped 9021 items (at 2240 items/min)
2021-01-19 20:49:06 [scrapy.extensions.logstats] INFO: Crawled 12026 pages (at 2400 pages/min), scraped 11301 items (at 2280 items/min)
2021-01-19 20:49:54 [scrapy.spidermiddlewares.httperror] INFO: Ignoring response <404 http://www.xwlbo.com/16111.html>: HTTP status code is not handled or not allowed
2021-01-19 20:50:06 [scrapy.extensions.logstats] INFO: Crawled 14363 pages (at 2337 pages/min), scraped 13339 items (at 2038 items/min)
2021-01-19 20:51:06 [scrapy.extensions.logstats] INFO: Crawled 16958 pages (at 2595 pages/min), scraped 15754 items (at 2415 items/min)
2021-01-19 20:52:06 [scrapy.extensions.logstats] INFO: Crawled 19593 pages (at 2635 pages/min), scraped 18031 items (at 2277 items/min)
2021-01-19 20:52:26 [scrapy.spidermiddlewares.httperror] INFO: Ignoring response <404 http://www.xwlbo.com/6114.html>: HTTP status code is not handled or not allowed
2021-01-19 20:52:57 [scrapy.core.engine] INFO: Closing spider (finished)
2021-01-19 20:52:57 [xwlbo.pipelines] INFO: Close spider...
2021-01-19 20:52:57 [xwlbo.pipelines] INFO: New xwlbo data numbers are:
2021-01-19 20:52:57 [xwlbo.pipelines] INFO: 2020 year:6320
2021-01-19 20:52:57 [xwlbo.pipelines] INFO: 2019 year:5600
2021-01-19 20:52:57 [xwlbo.pipelines] INFO: 2021 year:426
2021-01-19 20:52:57 [xwlbo.pipelines] INFO: 2018 year:4133
2021-01-19 20:52:57 [xwlbo.pipelines] INFO: 2017 year:2160
2021-01-19 20:52:57 [xwlbo.pipelines] INFO: 2016 year:881
2021-01-19 20:52:57 [xwlbo.pipelines] INFO: All new data numbers are 19520
2021-01-19 20:52:57 [scrapy.statscollectors] INFO: Dumping Scrapy stats:
{'downloader/exception_count': 1,
 'downloader/exception_type_count/twisted.internet.error.TCPTimedOutError': 1,
 'downloader/request_bytes': 5752041,
 'downloader/request_count': 21736,
 'downloader/request_method_count/GET': 21736,
 'downloader/response_bytes': 138624020,
 'downloader/response_count': 21735,
 'downloader/response_status_count/200': 21733,
 'downloader/response_status_count/404': 2,
 'elapsed_time_seconds': 530.934887,
 'finish_reason': 'finished',
 'finish_time': datetime.datetime(2021, 1, 19, 12, 52, 57, 13947),
 'httperror/response_ignored_count': 2,
 'httperror/response_ignored_status_count/404': 2,
 'item_scraped_count': 19649,
 'log_count/INFO': 32,
 'request_depth_max': 2,
 'response_received_count': 21735,
 'retry/count': 1,
 'retry/reason_count/twisted.internet.error.TCPTimedOutError': 1,
 'scheduler/dequeued': 21736,
 'scheduler/dequeued/memory': 21736,
 'scheduler/enqueued': 21736,
 'scheduler/enqueued/memory': 21736,
 'start_time': datetime.datetime(2021, 1, 19, 12, 44, 6, 79060)}
2021-01-19 20:52:57 [scrapy.core.engine] INFO: Spider closed (finished)
